2005.08.30 20:34 B Z:\test\it_company\fck_editor\editor\css\behaviors\disablehandles.htc --> escapewebdesigns.com /yourownitcompany.com/fck_editor/editor/css/behaviors disablehandles.htc
2005.08.30 20:34 B Z:\test\it_company\fck_editor\editor\css\behaviors\hiddenfield.gif --> escapewebdesigns.com /yourownitcompany.com/fck_editor/editor/css/behaviors hiddenfield.gif
2005.08.30 20:34 B Z:\test\it_company\fck_editor\editor\css\behaviors\hiddenfield.htc --> escapewebdesigns.com /yourownitcompany.com/fck_editor/editor/css/behaviors hiddenfield.htc
2005.08.30 20:34 B Z:\test\it_company\fck_editor\editor\css\behaviors\showtableborders.htc --> escapewebdesigns.com /yourownitcompany.com/fck_editor/editor/css/behaviors showtableborders.htc
2005.09.22 17:21 B Z:\qdaily\FCKeditor\editor\css\behaviors\disablehandles.htc --> www.escapecustomercentre.com /escapecustomercentre.com/qdaily/FCKeditor/editor/css/behaviors disablehandles.htc
2005.09.22 17:21 B Z:\qdaily\FCKeditor\editor\css\behaviors\hiddenfield.gif --> www.escapecustomercentre.com /escapecustomercentre.com/qdaily/FCKeditor/editor/css/behaviors hiddenfield.gif
2005.09.22 17:21 B Z:\qdaily\FCKeditor\editor\css\behaviors\hiddenfield.htc --> www.escapecustomercentre.com /escapecustomercentre.com/qdaily/FCKeditor/editor/css/behaviors hiddenfield.htc
2005.09.22 17:21 B Z:\qdaily\FCKeditor\editor\css\behaviors\showtableborders.htc --> www.escapecustomercentre.com /escapecustomercentre.com/qdaily/FCKeditor/editor/css/behaviors showtableborders.htc
2005.09.22 17:22 B Z:\qdaily\FCKeditor\editor\css\behaviors\WS_FTP.LOG --> www.escapecustomercentre.com /escapecustomercentre.com/qdaily/FCKeditor/editor/css/behaviors WS_FTP.LOG
2005.10.21 13:57 B Z:\groombarber\FCKeditor\editor\css\behaviors\disablehandles.htc --> ftp.groombarbers.com /groombarbers.com/FCKeditor/editor/css/behaviors disablehandles.htc
2005.10.21 13:57 B Z:\groombarber\FCKeditor\editor\css\behaviors\hiddenfield.gif --> ftp.groombarbers.com /groombarbers.com/FCKeditor/editor/css/behaviors hiddenfield.gif
2005.10.21 13:57 B Z:\groombarber\FCKeditor\editor\css\behaviors\hiddenfield.htc --> ftp.groombarbers.com /groombarbers.com/FCKeditor/editor/css/behaviors hiddenfield.htc
2005.10.21 13:57 B Z:\groombarber\FCKeditor\editor\css\behaviors\showtableborders.htc --> ftp.groombarbers.com /groombarbers.com/FCKeditor/editor/css/behaviors showtableborders.htc
2005.10.21 13:57 B Z:\groombarber\FCKeditor\editor\css\behaviors\WS_FTP.LOG --> ftp.groombarbers.com /groombarbers.com/FCKeditor/editor/css/behaviors WS_FTP.LOG
2005.12.02 18:21 B Z:\enthousiasme1\FCKeditor\editor\css\behaviors\disablehandles.htc --> www.hostingarcade.com /www/enthousiasme/FCKeditor/editor/css/behaviors disablehandles.htc
2005.12.02 18:22 B Z:\enthousiasme1\FCKeditor\editor\css\behaviors\hiddenfield.gif --> www.hostingarcade.com /www/enthousiasme/FCKeditor/editor/css/behaviors hiddenfield.gif
2005.12.02 18:22 B Z:\enthousiasme1\FCKeditor\editor\css\behaviors\hiddenfield.htc --> www.hostingarcade.com /www/enthousiasme/FCKeditor/editor/css/behaviors hiddenfield.htc
2005.12.02 18:22 B Z:\enthousiasme1\FCKeditor\editor\css\behaviors\showtableborders.htc --> www.hostingarcade.com /www/enthousiasme/FCKeditor/editor/css/behaviors showtableborders.htc
2005.12.02 18:22 B Z:\enthousiasme1\FCKeditor\editor\css\behaviors\WS_FTP.LOG --> www.hostingarcade.com /www/enthousiasme/FCKeditor/editor/css/behaviors WS_FTP.LOG
2005.12.02 18:47 B Z:\enthousiasme1\FCKeditor\editor\css\behaviors\WS_FTP.LOG --> www.hostingarcade.com /www/enthousiasme/FCKeditor/editor/css/behaviors WS_FTP.LOG
2005.12.02 19:03 B Z:\enthousiasme1\FCKeditor\editor\css\behaviors\WS_FTP.LOG --> www.hostingarcade.com /www/enthousiasme/FCKeditor/editor/css/behaviors WS_FTP.LOG
2005.12.02 19:31 B Z:\enthousiasme1\FCKeditor\editor\css\behaviors\WS_FTP.LOG --> www.hostingarcade.com /www/enthousiasme/FCKeditor/editor/css/behaviors WS_FTP.LOG
