2005.08.30 20:32 B Z:\test\it_company\fck_editor\editor\_source\internals\fck.js --> escapewebdesigns.com /yourownitcompany.com/fck_editor/editor/_source/internals fck.js
2005.08.30 20:32 B Z:\test\it_company\fck_editor\editor\_source\internals\fck_1.js --> escapewebdesigns.com /yourownitcompany.com/fck_editor/editor/_source/internals fck_1.js
2005.08.30 20:32 B Z:\test\it_company\fck_editor\editor\_source\internals\fck_1_gecko.js --> escapewebdesigns.com /yourownitcompany.com/fck_editor/editor/_source/internals fck_1_gecko.js
2005.08.30 20:32 B Z:\test\it_company\fck_editor\editor\_source\internals\fck_1_ie.js --> escapewebdesigns.com /yourownitcompany.com/fck_editor/editor/_source/internals fck_1_ie.js
2005.08.30 20:32 B Z:\test\it_company\fck_editor\editor\_source\internals\fck_2.js --> escapewebdesigns.com /yourownitcompany.com/fck_editor/editor/_source/internals fck_2.js
2005.08.30 20:32 B Z:\test\it_company\fck_editor\editor\_source\internals\fck_2_gecko.js --> escapewebdesigns.com /yourownitcompany.com/fck_editor/editor/_source/internals fck_2_gecko.js
2005.08.30 20:32 B Z:\test\it_company\fck_editor\editor\_source\internals\fck_2_ie.js --> escapewebdesigns.com /yourownitcompany.com/fck_editor/editor/_source/internals fck_2_ie.js
2005.08.30 20:33 B Z:\test\it_company\fck_editor\editor\_source\internals\fck_last.js --> escapewebdesigns.com /yourownitcompany.com/fck_editor/editor/_source/internals fck_last.js
2005.08.30 20:33 B Z:\test\it_company\fck_editor\editor\_source\internals\fck_onload.js --> escapewebdesigns.com /yourownitcompany.com/fck_editor/editor/_source/internals fck_onload.js
2005.08.30 20:33 B Z:\test\it_company\fck_editor\editor\_source\internals\fckbrowserinfo.js --> escapewebdesigns.com /yourownitcompany.com/fck_editor/editor/_source/internals fckbrowserinfo.js
2005.08.30 20:33 B Z:\test\it_company\fck_editor\editor\_source\internals\fckcodeformatter.js --> escapewebdesigns.com /yourownitcompany.com/fck_editor/editor/_source/internals fckcodeformatter.js
2005.08.30 20:33 B Z:\test\it_company\fck_editor\editor\_source\internals\fckcommands.js --> escapewebdesigns.com /yourownitcompany.com/fck_editor/editor/_source/internals fckcommands.js
2005.08.30 20:33 B Z:\test\it_company\fck_editor\editor\_source\internals\fckconfig.js --> escapewebdesigns.com /yourownitcompany.com/fck_editor/editor/_source/internals fckconfig.js
2005.08.30 20:33 B Z:\test\it_company\fck_editor\editor\_source\internals\fckcontextmenu.js --> escapewebdesigns.com /yourownitcompany.com/fck_editor/editor/_source/internals fckcontextmenu.js
2005.08.30 20:33 B Z:\test\it_company\fck_editor\editor\_source\internals\fckcontextmenu_gecko.js --> escapewebdesigns.com /yourownitcompany.com/fck_editor/editor/_source/internals fckcontextmenu_gecko.js
2005.08.30 20:33 B Z:\test\it_company\fck_editor\editor\_source\internals\fckcontextmenu_ie.js --> escapewebdesigns.com /yourownitcompany.com/fck_editor/editor/_source/internals fckcontextmenu_ie.js
2005.08.30 20:33 B Z:\test\it_company\fck_editor\editor\_source\internals\fckcoreextensions.js --> escapewebdesigns.com /yourownitcompany.com/fck_editor/editor/_source/internals fckcoreextensions.js
2005.08.30 20:33 B Z:\test\it_company\fck_editor\editor\_source\internals\fckdebug.js --> escapewebdesigns.com /yourownitcompany.com/fck_editor/editor/_source/internals fckdebug.js
2005.08.30 20:33 B Z:\test\it_company\fck_editor\editor\_source\internals\fckdialog.js --> escapewebdesigns.com /yourownitcompany.com/fck_editor/editor/_source/internals fckdialog.js
2005.08.30 20:33 B Z:\test\it_company\fck_editor\editor\_source\internals\fckdialog_gecko.js --> escapewebdesigns.com /yourownitcompany.com/fck_editor/editor/_source/internals fckdialog_gecko.js
2005.08.30 20:33 B Z:\test\it_company\fck_editor\editor\_source\internals\fckdialog_ie.js --> escapewebdesigns.com /yourownitcompany.com/fck_editor/editor/_source/internals fckdialog_ie.js
2005.08.30 20:33 B Z:\test\it_company\fck_editor\editor\_source\internals\fcklanguagemanager.js --> escapewebdesigns.com /yourownitcompany.com/fck_editor/editor/_source/internals fcklanguagemanager.js
2005.08.30 20:33 B Z:\test\it_company\fck_editor\editor\_source\internals\fcknamespace.js --> escapewebdesigns.com /yourownitcompany.com/fck_editor/editor/_source/internals fcknamespace.js
2005.08.30 20:33 B Z:\test\it_company\fck_editor\editor\_source\internals\fckplugins.js --> escapewebdesigns.com /yourownitcompany.com/fck_editor/editor/_source/internals fckplugins.js
2005.08.30 20:33 B Z:\test\it_company\fck_editor\editor\_source\internals\fckregexlib.js --> escapewebdesigns.com /yourownitcompany.com/fck_editor/editor/_source/internals fckregexlib.js
2005.08.30 20:33 B Z:\test\it_company\fck_editor\editor\_source\internals\fckscriptloader.js --> escapewebdesigns.com /yourownitcompany.com/fck_editor/editor/_source/internals fckscriptloader.js
2005.08.30 20:33 B Z:\test\it_company\fck_editor\editor\_source\internals\fckselection.js --> escapewebdesigns.com /yourownitcompany.com/fck_editor/editor/_source/internals fckselection.js
2005.08.30 20:33 B Z:\test\it_company\fck_editor\editor\_source\internals\fckselection_gecko.js --> escapewebdesigns.com /yourownitcompany.com/fck_editor/editor/_source/internals fckselection_gecko.js
2005.08.30 20:33 B Z:\test\it_company\fck_editor\editor\_source\internals\fckselection_ie.js --> escapewebdesigns.com /yourownitcompany.com/fck_editor/editor/_source/internals fckselection_ie.js
2005.08.30 20:33 B Z:\test\it_company\fck_editor\editor\_source\internals\fcktablehandler.js --> escapewebdesigns.com /yourownitcompany.com/fck_editor/editor/_source/internals fcktablehandler.js
2005.08.30 20:33 B Z:\test\it_company\fck_editor\editor\_source\internals\fcktablehandler_gecko.js --> escapewebdesigns.com /yourownitcompany.com/fck_editor/editor/_source/internals fcktablehandler_gecko.js
2005.08.30 20:33 B Z:\test\it_company\fck_editor\editor\_source\internals\fcktablehandler_ie.js --> escapewebdesigns.com /yourownitcompany.com/fck_editor/editor/_source/internals fcktablehandler_ie.js
2005.08.30 20:33 B Z:\test\it_company\fck_editor\editor\_source\internals\fcktoolbaritems.js --> escapewebdesigns.com /yourownitcompany.com/fck_editor/editor/_source/internals fcktoolbaritems.js
2005.08.30 20:34 B Z:\test\it_company\fck_editor\editor\_source\internals\fcktoolbarset.js --> escapewebdesigns.com /yourownitcompany.com/fck_editor/editor/_source/internals fcktoolbarset.js
2005.08.30 20:34 B Z:\test\it_company\fck_editor\editor\_source\internals\fcktools.js --> escapewebdesigns.com /yourownitcompany.com/fck_editor/editor/_source/internals fcktools.js
2005.08.30 20:34 B Z:\test\it_company\fck_editor\editor\_source\internals\fcktools_gecko.js --> escapewebdesigns.com /yourownitcompany.com/fck_editor/editor/_source/internals fcktools_gecko.js
2005.08.30 20:34 B Z:\test\it_company\fck_editor\editor\_source\internals\fcktools_ie.js --> escapewebdesigns.com /yourownitcompany.com/fck_editor/editor/_source/internals fcktools_ie.js
2005.08.30 20:34 B Z:\test\it_company\fck_editor\editor\_source\internals\fckundo_gecko.js --> escapewebdesigns.com /yourownitcompany.com/fck_editor/editor/_source/internals fckundo_gecko.js
2005.08.30 20:34 B Z:\test\it_company\fck_editor\editor\_source\internals\fckundo_ie.js --> escapewebdesigns.com /yourownitcompany.com/fck_editor/editor/_source/internals fckundo_ie.js
2005.08.30 20:34 B Z:\test\it_company\fck_editor\editor\_source\internals\fckurlparams.js --> escapewebdesigns.com /yourownitcompany.com/fck_editor/editor/_source/internals fckurlparams.js
2005.08.30 20:34 B Z:\test\it_company\fck_editor\editor\_source\internals\fckxhtml.js --> escapewebdesigns.com /yourownitcompany.com/fck_editor/editor/_source/internals fckxhtml.js
2005.08.30 20:34 B Z:\test\it_company\fck_editor\editor\_source\internals\fckxhtml_gecko.js --> escapewebdesigns.com /yourownitcompany.com/fck_editor/editor/_source/internals fckxhtml_gecko.js
2005.08.30 20:34 B Z:\test\it_company\fck_editor\editor\_source\internals\fckxhtml_ie.js --> escapewebdesigns.com /yourownitcompany.com/fck_editor/editor/_source/internals fckxhtml_ie.js
2005.08.30 20:34 B Z:\test\it_company\fck_editor\editor\_source\internals\fckxhtmlentities.js --> escapewebdesigns.com /yourownitcompany.com/fck_editor/editor/_source/internals fckxhtmlentities.js
2005.09.22 17:19 B Z:\qdaily\FCKeditor\editor\_source\internals\fck.js --> www.escapecustomercentre.com /escapecustomercentre.com/qdaily/FCKeditor/editor/_source/internals fck.js
2005.09.22 17:19 B Z:\qdaily\FCKeditor\editor\_source\internals\fck_1.js --> www.escapecustomercentre.com /escapecustomercentre.com/qdaily/FCKeditor/editor/_source/internals fck_1.js
2005.09.22 17:19 B Z:\qdaily\FCKeditor\editor\_source\internals\fck_1_gecko.js --> www.escapecustomercentre.com /escapecustomercentre.com/qdaily/FCKeditor/editor/_source/internals fck_1_gecko.js
2005.09.22 17:19 B Z:\qdaily\FCKeditor\editor\_source\internals\fck_1_ie.js --> www.escapecustomercentre.com /escapecustomercentre.com/qdaily/FCKeditor/editor/_source/internals fck_1_ie.js
2005.09.22 17:19 B Z:\qdaily\FCKeditor\editor\_source\internals\fck_2.js --> www.escapecustomercentre.com /escapecustomercentre.com/qdaily/FCKeditor/editor/_source/internals fck_2.js
2005.09.22 17:20 B Z:\qdaily\FCKeditor\editor\_source\internals\fck_2_gecko.js --> www.escapecustomercentre.com /escapecustomercentre.com/qdaily/FCKeditor/editor/_source/internals fck_2_gecko.js
2005.09.22 17:20 B Z:\qdaily\FCKeditor\editor\_source\internals\fck_2_ie.js --> www.escapecustomercentre.com /escapecustomercentre.com/qdaily/FCKeditor/editor/_source/internals fck_2_ie.js
2005.09.22 17:20 B Z:\qdaily\FCKeditor\editor\_source\internals\fck_last.js --> www.escapecustomercentre.com /escapecustomercentre.com/qdaily/FCKeditor/editor/_source/internals fck_last.js
2005.09.22 17:20 B Z:\qdaily\FCKeditor\editor\_source\internals\fck_onload.js --> www.escapecustomercentre.com /escapecustomercentre.com/qdaily/FCKeditor/editor/_source/internals fck_onload.js
2005.09.22 17:20 B Z:\qdaily\FCKeditor\editor\_source\internals\fckbrowserinfo.js --> www.escapecustomercentre.com /escapecustomercentre.com/qdaily/FCKeditor/editor/_source/internals fckbrowserinfo.js
2005.09.22 17:20 B Z:\qdaily\FCKeditor\editor\_source\internals\fckcodeformatter.js --> www.escapecustomercentre.com /escapecustomercentre.com/qdaily/FCKeditor/editor/_source/internals fckcodeformatter.js
2005.09.22 17:20 B Z:\qdaily\FCKeditor\editor\_source\internals\fckcommands.js --> www.escapecustomercentre.com /escapecustomercentre.com/qdaily/FCKeditor/editor/_source/internals fckcommands.js
2005.09.22 17:20 B Z:\qdaily\FCKeditor\editor\_source\internals\fckconfig.js --> www.escapecustomercentre.com /escapecustomercentre.com/qdaily/FCKeditor/editor/_source/internals fckconfig.js
2005.09.22 17:20 B Z:\qdaily\FCKeditor\editor\_source\internals\fckcontextmenu.js --> www.escapecustomercentre.com /escapecustomercentre.com/qdaily/FCKeditor/editor/_source/internals fckcontextmenu.js
2005.09.22 17:20 B Z:\qdaily\FCKeditor\editor\_source\internals\fckcontextmenu_gecko.js --> www.escapecustomercentre.com /escapecustomercentre.com/qdaily/FCKeditor/editor/_source/internals fckcontextmenu_gecko.js
2005.09.22 17:20 B Z:\qdaily\FCKeditor\editor\_source\internals\fckcontextmenu_ie.js --> www.escapecustomercentre.com /escapecustomercentre.com/qdaily/FCKeditor/editor/_source/internals fckcontextmenu_ie.js
2005.09.22 17:20 B Z:\qdaily\FCKeditor\editor\_source\internals\fckcoreextensions.js --> www.escapecustomercentre.com /escapecustomercentre.com/qdaily/FCKeditor/editor/_source/internals fckcoreextensions.js
2005.09.22 17:20 B Z:\qdaily\FCKeditor\editor\_source\internals\fckdebug.js --> www.escapecustomercentre.com /escapecustomercentre.com/qdaily/FCKeditor/editor/_source/internals fckdebug.js
2005.09.22 17:20 B Z:\qdaily\FCKeditor\editor\_source\internals\fckdialog.js --> www.escapecustomercentre.com /escapecustomercentre.com/qdaily/FCKeditor/editor/_source/internals fckdialog.js
2005.09.22 17:20 B Z:\qdaily\FCKeditor\editor\_source\internals\fckdialog_gecko.js --> www.escapecustomercentre.com /escapecustomercentre.com/qdaily/FCKeditor/editor/_source/internals fckdialog_gecko.js
2005.09.22 17:20 B Z:\qdaily\FCKeditor\editor\_source\internals\fckdialog_ie.js --> www.escapecustomercentre.com /escapecustomercentre.com/qdaily/FCKeditor/editor/_source/internals fckdialog_ie.js
2005.09.22 17:20 B Z:\qdaily\FCKeditor\editor\_source\internals\fcklanguagemanager.js --> www.escapecustomercentre.com /escapecustomercentre.com/qdaily/FCKeditor/editor/_source/internals fcklanguagemanager.js
2005.09.22 17:20 B Z:\qdaily\FCKeditor\editor\_source\internals\fcknamespace.js --> www.escapecustomercentre.com /escapecustomercentre.com/qdaily/FCKeditor/editor/_source/internals fcknamespace.js
2005.09.22 17:20 B Z:\qdaily\FCKeditor\editor\_source\internals\fckplugins.js --> www.escapecustomercentre.com /escapecustomercentre.com/qdaily/FCKeditor/editor/_source/internals fckplugins.js
2005.09.22 17:20 B Z:\qdaily\FCKeditor\editor\_source\internals\fckregexlib.js --> www.escapecustomercentre.com /escapecustomercentre.com/qdaily/FCKeditor/editor/_source/internals fckregexlib.js
2005.09.22 17:20 B Z:\qdaily\FCKeditor\editor\_source\internals\fckscriptloader.js --> www.escapecustomercentre.com /escapecustomercentre.com/qdaily/FCKeditor/editor/_source/internals fckscriptloader.js
2005.09.22 17:20 B Z:\qdaily\FCKeditor\editor\_source\internals\fckselection.js --> www.escapecustomercentre.com /escapecustomercentre.com/qdaily/FCKeditor/editor/_source/internals fckselection.js
2005.09.22 17:20 B Z:\qdaily\FCKeditor\editor\_source\internals\fckselection_gecko.js --> www.escapecustomercentre.com /escapecustomercentre.com/qdaily/FCKeditor/editor/_source/internals fckselection_gecko.js
2005.09.22 17:20 B Z:\qdaily\FCKeditor\editor\_source\internals\fckselection_ie.js --> www.escapecustomercentre.com /escapecustomercentre.com/qdaily/FCKeditor/editor/_source/internals fckselection_ie.js
2005.09.22 17:20 B Z:\qdaily\FCKeditor\editor\_source\internals\fcktablehandler.js --> www.escapecustomercentre.com /escapecustomercentre.com/qdaily/FCKeditor/editor/_source/internals fcktablehandler.js
2005.09.22 17:20 B Z:\qdaily\FCKeditor\editor\_source\internals\fcktablehandler_gecko.js --> www.escapecustomercentre.com /escapecustomercentre.com/qdaily/FCKeditor/editor/_source/internals fcktablehandler_gecko.js
2005.09.22 17:20 B Z:\qdaily\FCKeditor\editor\_source\internals\fcktablehandler_ie.js --> www.escapecustomercentre.com /escapecustomercentre.com/qdaily/FCKeditor/editor/_source/internals fcktablehandler_ie.js
2005.09.22 17:21 B Z:\qdaily\FCKeditor\editor\_source\internals\fcktoolbaritems.js --> www.escapecustomercentre.com /escapecustomercentre.com/qdaily/FCKeditor/editor/_source/internals fcktoolbaritems.js
2005.09.22 17:21 B Z:\qdaily\FCKeditor\editor\_source\internals\fcktoolbarset.js --> www.escapecustomercentre.com /escapecustomercentre.com/qdaily/FCKeditor/editor/_source/internals fcktoolbarset.js
2005.09.22 17:21 B Z:\qdaily\FCKeditor\editor\_source\internals\fcktools.js --> www.escapecustomercentre.com /escapecustomercentre.com/qdaily/FCKeditor/editor/_source/internals fcktools.js
2005.09.22 17:21 B Z:\qdaily\FCKeditor\editor\_source\internals\fcktools_gecko.js --> www.escapecustomercentre.com /escapecustomercentre.com/qdaily/FCKeditor/editor/_source/internals fcktools_gecko.js
2005.09.22 17:21 B Z:\qdaily\FCKeditor\editor\_source\internals\fcktools_ie.js --> www.escapecustomercentre.com /escapecustomercentre.com/qdaily/FCKeditor/editor/_source/internals fcktools_ie.js
2005.09.22 17:21 B Z:\qdaily\FCKeditor\editor\_source\internals\fckundo_gecko.js --> www.escapecustomercentre.com /escapecustomercentre.com/qdaily/FCKeditor/editor/_source/internals fckundo_gecko.js
2005.09.22 17:21 B Z:\qdaily\FCKeditor\editor\_source\internals\fckundo_ie.js --> www.escapecustomercentre.com /escapecustomercentre.com/qdaily/FCKeditor/editor/_source/internals fckundo_ie.js
2005.09.22 17:21 B Z:\qdaily\FCKeditor\editor\_source\internals\fckurlparams.js --> www.escapecustomercentre.com /escapecustomercentre.com/qdaily/FCKeditor/editor/_source/internals fckurlparams.js
2005.09.22 17:21 B Z:\qdaily\FCKeditor\editor\_source\internals\fckxhtml.js --> www.escapecustomercentre.com /escapecustomercentre.com/qdaily/FCKeditor/editor/_source/internals fckxhtml.js
2005.09.22 17:21 B Z:\qdaily\FCKeditor\editor\_source\internals\fckxhtml_gecko.js --> www.escapecustomercentre.com /escapecustomercentre.com/qdaily/FCKeditor/editor/_source/internals fckxhtml_gecko.js
2005.09.22 17:21 B Z:\qdaily\FCKeditor\editor\_source\internals\fckxhtml_ie.js --> www.escapecustomercentre.com /escapecustomercentre.com/qdaily/FCKeditor/editor/_source/internals fckxhtml_ie.js
2005.09.22 17:21 B Z:\qdaily\FCKeditor\editor\_source\internals\fckxhtmlentities.js --> www.escapecustomercentre.com /escapecustomercentre.com/qdaily/FCKeditor/editor/_source/internals fckxhtmlentities.js
2005.09.22 17:21 B Z:\qdaily\FCKeditor\editor\_source\internals\WS_FTP.LOG --> www.escapecustomercentre.com /escapecustomercentre.com/qdaily/FCKeditor/editor/_source/internals WS_FTP.LOG
2005.10.21 13:54 B Z:\groombarber\FCKeditor\editor\_source\internals\fck.js --> ftp.groombarbers.com /groombarbers.com/FCKeditor/editor/_source/internals fck.js
2005.10.21 13:54 B Z:\groombarber\FCKeditor\editor\_source\internals\fck_1.js --> ftp.groombarbers.com /groombarbers.com/FCKeditor/editor/_source/internals fck_1.js
2005.10.21 13:54 B Z:\groombarber\FCKeditor\editor\_source\internals\fck_1_gecko.js --> ftp.groombarbers.com /groombarbers.com/FCKeditor/editor/_source/internals fck_1_gecko.js
2005.10.21 13:54 B Z:\groombarber\FCKeditor\editor\_source\internals\fck_1_ie.js --> ftp.groombarbers.com /groombarbers.com/FCKeditor/editor/_source/internals fck_1_ie.js
2005.10.21 13:54 B Z:\groombarber\FCKeditor\editor\_source\internals\fck_2.js --> ftp.groombarbers.com /groombarbers.com/FCKeditor/editor/_source/internals fck_2.js
2005.10.21 13:54 B Z:\groombarber\FCKeditor\editor\_source\internals\fck_2_gecko.js --> ftp.groombarbers.com /groombarbers.com/FCKeditor/editor/_source/internals fck_2_gecko.js
2005.10.21 13:54 B Z:\groombarber\FCKeditor\editor\_source\internals\fck_2_ie.js --> ftp.groombarbers.com /groombarbers.com/FCKeditor/editor/_source/internals fck_2_ie.js
2005.10.21 13:54 B Z:\groombarber\FCKeditor\editor\_source\internals\fck_last.js --> ftp.groombarbers.com /groombarbers.com/FCKeditor/editor/_source/internals fck_last.js
2005.10.21 13:55 B Z:\groombarber\FCKeditor\editor\_source\internals\fck_onload.js --> ftp.groombarbers.com /groombarbers.com/FCKeditor/editor/_source/internals fck_onload.js
2005.10.21 13:55 B Z:\groombarber\FCKeditor\editor\_source\internals\fckbrowserinfo.js --> ftp.groombarbers.com /groombarbers.com/FCKeditor/editor/_source/internals fckbrowserinfo.js
2005.10.21 13:55 B Z:\groombarber\FCKeditor\editor\_source\internals\fckcodeformatter.js --> ftp.groombarbers.com /groombarbers.com/FCKeditor/editor/_source/internals fckcodeformatter.js
2005.10.21 13:55 B Z:\groombarber\FCKeditor\editor\_source\internals\fckcommands.js --> ftp.groombarbers.com /groombarbers.com/FCKeditor/editor/_source/internals fckcommands.js
2005.10.21 13:55 B Z:\groombarber\FCKeditor\editor\_source\internals\fckconfig.js --> ftp.groombarbers.com /groombarbers.com/FCKeditor/editor/_source/internals fckconfig.js
2005.10.21 13:55 B Z:\groombarber\FCKeditor\editor\_source\internals\fckcontextmenu.js --> ftp.groombarbers.com /groombarbers.com/FCKeditor/editor/_source/internals fckcontextmenu.js
2005.10.21 13:55 B Z:\groombarber\FCKeditor\editor\_source\internals\fckcontextmenu_gecko.js --> ftp.groombarbers.com /groombarbers.com/FCKeditor/editor/_source/internals fckcontextmenu_gecko.js
2005.10.21 13:55 B Z:\groombarber\FCKeditor\editor\_source\internals\fckcontextmenu_ie.js --> ftp.groombarbers.com /groombarbers.com/FCKeditor/editor/_source/internals fckcontextmenu_ie.js
2005.10.21 13:55 B Z:\groombarber\FCKeditor\editor\_source\internals\fckcoreextensions.js --> ftp.groombarbers.com /groombarbers.com/FCKeditor/editor/_source/internals fckcoreextensions.js
2005.10.21 13:55 B Z:\groombarber\FCKeditor\editor\_source\internals\fckdebug.js --> ftp.groombarbers.com /groombarbers.com/FCKeditor/editor/_source/internals fckdebug.js
2005.10.21 13:55 B Z:\groombarber\FCKeditor\editor\_source\internals\fckdialog.js --> ftp.groombarbers.com /groombarbers.com/FCKeditor/editor/_source/internals fckdialog.js
2005.10.21 13:55 B Z:\groombarber\FCKeditor\editor\_source\internals\fckdialog_gecko.js --> ftp.groombarbers.com /groombarbers.com/FCKeditor/editor/_source/internals fckdialog_gecko.js
2005.10.21 13:55 B Z:\groombarber\FCKeditor\editor\_source\internals\fckdialog_ie.js --> ftp.groombarbers.com /groombarbers.com/FCKeditor/editor/_source/internals fckdialog_ie.js
2005.10.21 13:55 B Z:\groombarber\FCKeditor\editor\_source\internals\fcklanguagemanager.js --> ftp.groombarbers.com /groombarbers.com/FCKeditor/editor/_source/internals fcklanguagemanager.js
2005.10.21 13:55 B Z:\groombarber\FCKeditor\editor\_source\internals\fcknamespace.js --> ftp.groombarbers.com /groombarbers.com/FCKeditor/editor/_source/internals fcknamespace.js
2005.10.21 13:55 B Z:\groombarber\FCKeditor\editor\_source\internals\fckplugins.js --> ftp.groombarbers.com /groombarbers.com/FCKeditor/editor/_source/internals fckplugins.js
2005.10.21 13:55 B Z:\groombarber\FCKeditor\editor\_source\internals\fckregexlib.js --> ftp.groombarbers.com /groombarbers.com/FCKeditor/editor/_source/internals fckregexlib.js
2005.10.21 13:55 B Z:\groombarber\FCKeditor\editor\_source\internals\fckscriptloader.js --> ftp.groombarbers.com /groombarbers.com/FCKeditor/editor/_source/internals fckscriptloader.js
2005.10.21 13:55 B Z:\groombarber\FCKeditor\editor\_source\internals\fckselection.js --> ftp.groombarbers.com /groombarbers.com/FCKeditor/editor/_source/internals fckselection.js
2005.10.21 13:55 B Z:\groombarber\FCKeditor\editor\_source\internals\fckselection_gecko.js --> ftp.groombarbers.com /groombarbers.com/FCKeditor/editor/_source/internals fckselection_gecko.js
2005.10.21 13:55 B Z:\groombarber\FCKeditor\editor\_source\internals\fckselection_ie.js --> ftp.groombarbers.com /groombarbers.com/FCKeditor/editor/_source/internals fckselection_ie.js
2005.10.21 13:55 B Z:\groombarber\FCKeditor\editor\_source\internals\fcktablehandler.js --> ftp.groombarbers.com /groombarbers.com/FCKeditor/editor/_source/internals fcktablehandler.js
2005.10.21 13:55 B Z:\groombarber\FCKeditor\editor\_source\internals\fcktablehandler_gecko.js --> ftp.groombarbers.com /groombarbers.com/FCKeditor/editor/_source/internals fcktablehandler_gecko.js
2005.10.21 13:56 B Z:\groombarber\FCKeditor\editor\_source\internals\fcktablehandler_ie.js --> ftp.groombarbers.com /groombarbers.com/FCKeditor/editor/_source/internals fcktablehandler_ie.js
2005.10.21 13:56 B Z:\groombarber\FCKeditor\editor\_source\internals\fcktoolbaritems.js --> ftp.groombarbers.com /groombarbers.com/FCKeditor/editor/_source/internals fcktoolbaritems.js
2005.10.21 13:56 B Z:\groombarber\FCKeditor\editor\_source\internals\fcktoolbarset.js --> ftp.groombarbers.com /groombarbers.com/FCKeditor/editor/_source/internals fcktoolbarset.js
2005.10.21 13:56 B Z:\groombarber\FCKeditor\editor\_source\internals\fcktools.js --> ftp.groombarbers.com /groombarbers.com/FCKeditor/editor/_source/internals fcktools.js
2005.10.21 13:56 B Z:\groombarber\FCKeditor\editor\_source\internals\fcktools_gecko.js --> ftp.groombarbers.com /groombarbers.com/FCKeditor/editor/_source/internals fcktools_gecko.js
2005.10.21 13:56 B Z:\groombarber\FCKeditor\editor\_source\internals\fcktools_ie.js --> ftp.groombarbers.com /groombarbers.com/FCKeditor/editor/_source/internals fcktools_ie.js
2005.10.21 13:56 B Z:\groombarber\FCKeditor\editor\_source\internals\fckundo_gecko.js --> ftp.groombarbers.com /groombarbers.com/FCKeditor/editor/_source/internals fckundo_gecko.js
2005.10.21 13:56 B Z:\groombarber\FCKeditor\editor\_source\internals\fckundo_ie.js --> ftp.groombarbers.com /groombarbers.com/FCKeditor/editor/_source/internals fckundo_ie.js
2005.10.21 13:56 B Z:\groombarber\FCKeditor\editor\_source\internals\fckurlparams.js --> ftp.groombarbers.com /groombarbers.com/FCKeditor/editor/_source/internals fckurlparams.js
2005.10.21 13:56 B Z:\groombarber\FCKeditor\editor\_source\internals\fckxhtml.js --> ftp.groombarbers.com /groombarbers.com/FCKeditor/editor/_source/internals fckxhtml.js
2005.10.21 13:56 B Z:\groombarber\FCKeditor\editor\_source\internals\fckxhtml_gecko.js --> ftp.groombarbers.com /groombarbers.com/FCKeditor/editor/_source/internals fckxhtml_gecko.js
2005.10.21 13:56 B Z:\groombarber\FCKeditor\editor\_source\internals\fckxhtml_ie.js --> ftp.groombarbers.com /groombarbers.com/FCKeditor/editor/_source/internals fckxhtml_ie.js
2005.10.21 13:56 B Z:\groombarber\FCKeditor\editor\_source\internals\fckxhtmlentities.js --> ftp.groombarbers.com /groombarbers.com/FCKeditor/editor/_source/internals fckxhtmlentities.js
2005.10.21 13:56 B Z:\groombarber\FCKeditor\editor\_source\internals\WS_FTP.LOG --> ftp.groombarbers.com /groombarbers.com/FCKeditor/editor/_source/internals WS_FTP.LOG
2005.12.02 18:20 B Z:\enthousiasme1\FCKeditor\editor\_source\internals\fck.js --> www.hostingarcade.com /www/enthousiasme/FCKeditor/editor/_source/internals fck.js
2005.12.02 18:20 B Z:\enthousiasme1\FCKeditor\editor\_source\internals\fck_1.js --> www.hostingarcade.com /www/enthousiasme/FCKeditor/editor/_source/internals fck_1.js
2005.12.02 18:20 B Z:\enthousiasme1\FCKeditor\editor\_source\internals\fck_1_gecko.js --> www.hostingarcade.com /www/enthousiasme/FCKeditor/editor/_source/internals fck_1_gecko.js
2005.12.02 18:20 B Z:\enthousiasme1\FCKeditor\editor\_source\internals\fck_1_ie.js --> www.hostingarcade.com /www/enthousiasme/FCKeditor/editor/_source/internals fck_1_ie.js
2005.12.02 18:20 B Z:\enthousiasme1\FCKeditor\editor\_source\internals\fck_2.js --> www.hostingarcade.com /www/enthousiasme/FCKeditor/editor/_source/internals fck_2.js
2005.12.02 18:20 B Z:\enthousiasme1\FCKeditor\editor\_source\internals\fck_2_gecko.js --> www.hostingarcade.com /www/enthousiasme/FCKeditor/editor/_source/internals fck_2_gecko.js
2005.12.02 18:20 B Z:\enthousiasme1\FCKeditor\editor\_source\internals\fck_2_ie.js --> www.hostingarcade.com /www/enthousiasme/FCKeditor/editor/_source/internals fck_2_ie.js
2005.12.02 18:20 B Z:\enthousiasme1\FCKeditor\editor\_source\internals\fck_last.js --> www.hostingarcade.com /www/enthousiasme/FCKeditor/editor/_source/internals fck_last.js
2005.12.02 18:20 B Z:\enthousiasme1\FCKeditor\editor\_source\internals\fck_onload.js --> www.hostingarcade.com /www/enthousiasme/FCKeditor/editor/_source/internals fck_onload.js
2005.12.02 18:20 B Z:\enthousiasme1\FCKeditor\editor\_source\internals\fckbrowserinfo.js --> www.hostingarcade.com /www/enthousiasme/FCKeditor/editor/_source/internals fckbrowserinfo.js
2005.12.02 18:20 B Z:\enthousiasme1\FCKeditor\editor\_source\internals\fckcodeformatter.js --> www.hostingarcade.com /www/enthousiasme/FCKeditor/editor/_source/internals fckcodeformatter.js
2005.12.02 18:20 B Z:\enthousiasme1\FCKeditor\editor\_source\internals\fckcommands.js --> www.hostingarcade.com /www/enthousiasme/FCKeditor/editor/_source/internals fckcommands.js
2005.12.02 18:20 B Z:\enthousiasme1\FCKeditor\editor\_source\internals\fckconfig.js --> www.hostingarcade.com /www/enthousiasme/FCKeditor/editor/_source/internals fckconfig.js
2005.12.02 18:20 B Z:\enthousiasme1\FCKeditor\editor\_source\internals\fckcontextmenu.js --> www.hostingarcade.com /www/enthousiasme/FCKeditor/editor/_source/internals fckcontextmenu.js
2005.12.02 18:20 B Z:\enthousiasme1\FCKeditor\editor\_source\internals\fckcontextmenu_gecko.js --> www.hostingarcade.com /www/enthousiasme/FCKeditor/editor/_source/internals fckcontextmenu_gecko.js
2005.12.02 18:20 B Z:\enthousiasme1\FCKeditor\editor\_source\internals\fckcontextmenu_ie.js --> www.hostingarcade.com /www/enthousiasme/FCKeditor/editor/_source/internals fckcontextmenu_ie.js
2005.12.02 18:20 B Z:\enthousiasme1\FCKeditor\editor\_source\internals\fckcoreextensions.js --> www.hostingarcade.com /www/enthousiasme/FCKeditor/editor/_source/internals fckcoreextensions.js
2005.12.02 18:20 B Z:\enthousiasme1\FCKeditor\editor\_source\internals\fckdebug.js --> www.hostingarcade.com /www/enthousiasme/FCKeditor/editor/_source/internals fckdebug.js
2005.12.02 18:20 B Z:\enthousiasme1\FCKeditor\editor\_source\internals\fckdialog.js --> www.hostingarcade.com /www/enthousiasme/FCKeditor/editor/_source/internals fckdialog.js
2005.12.02 18:20 B Z:\enthousiasme1\FCKeditor\editor\_source\internals\fckdialog_gecko.js --> www.hostingarcade.com /www/enthousiasme/FCKeditor/editor/_source/internals fckdialog_gecko.js
2005.12.02 18:20 B Z:\enthousiasme1\FCKeditor\editor\_source\internals\fckdialog_ie.js --> www.hostingarcade.com /www/enthousiasme/FCKeditor/editor/_source/internals fckdialog_ie.js
2005.12.02 18:20 B Z:\enthousiasme1\FCKeditor\editor\_source\internals\fcklanguagemanager.js --> www.hostingarcade.com /www/enthousiasme/FCKeditor/editor/_source/internals fcklanguagemanager.js
2005.12.02 18:20 B Z:\enthousiasme1\FCKeditor\editor\_source\internals\fcknamespace.js --> www.hostingarcade.com /www/enthousiasme/FCKeditor/editor/_source/internals fcknamespace.js
2005.12.02 18:21 B Z:\enthousiasme1\FCKeditor\editor\_source\internals\fckplugins.js --> www.hostingarcade.com /www/enthousiasme/FCKeditor/editor/_source/internals fckplugins.js
2005.12.02 18:21 B Z:\enthousiasme1\FCKeditor\editor\_source\internals\fckregexlib.js --> www.hostingarcade.com /www/enthousiasme/FCKeditor/editor/_source/internals fckregexlib.js
2005.12.02 18:21 B Z:\enthousiasme1\FCKeditor\editor\_source\internals\fckscriptloader.js --> www.hostingarcade.com /www/enthousiasme/FCKeditor/editor/_source/internals fckscriptloader.js
2005.12.02 18:21 B Z:\enthousiasme1\FCKeditor\editor\_source\internals\fckselection.js --> www.hostingarcade.com /www/enthousiasme/FCKeditor/editor/_source/internals fckselection.js
2005.12.02 18:21 B Z:\enthousiasme1\FCKeditor\editor\_source\internals\fckselection_gecko.js --> www.hostingarcade.com /www/enthousiasme/FCKeditor/editor/_source/internals fckselection_gecko.js
2005.12.02 18:21 B Z:\enthousiasme1\FCKeditor\editor\_source\internals\fckselection_ie.js --> www.hostingarcade.com /www/enthousiasme/FCKeditor/editor/_source/internals fckselection_ie.js
2005.12.02 18:21 B Z:\enthousiasme1\FCKeditor\editor\_source\internals\fcktablehandler.js --> www.hostingarcade.com /www/enthousiasme/FCKeditor/editor/_source/internals fcktablehandler.js
2005.12.02 18:21 B Z:\enthousiasme1\FCKeditor\editor\_source\internals\fcktablehandler_gecko.js --> www.hostingarcade.com /www/enthousiasme/FCKeditor/editor/_source/internals fcktablehandler_gecko.js
2005.12.02 18:21 B Z:\enthousiasme1\FCKeditor\editor\_source\internals\fcktablehandler_ie.js --> www.hostingarcade.com /www/enthousiasme/FCKeditor/editor/_source/internals fcktablehandler_ie.js
2005.12.02 18:21 B Z:\enthousiasme1\FCKeditor\editor\_source\internals\fcktoolbaritems.js --> www.hostingarcade.com /www/enthousiasme/FCKeditor/editor/_source/internals fcktoolbaritems.js
2005.12.02 18:21 B Z:\enthousiasme1\FCKeditor\editor\_source\internals\fcktoolbarset.js --> www.hostingarcade.com /www/enthousiasme/FCKeditor/editor/_source/internals fcktoolbarset.js
2005.12.02 18:21 B Z:\enthousiasme1\FCKeditor\editor\_source\internals\fcktools.js --> www.hostingarcade.com /www/enthousiasme/FCKeditor/editor/_source/internals fcktools.js
2005.12.02 18:21 B Z:\enthousiasme1\FCKeditor\editor\_source\internals\fcktools_gecko.js --> www.hostingarcade.com /www/enthousiasme/FCKeditor/editor/_source/internals fcktools_gecko.js
2005.12.02 18:21 B Z:\enthousiasme1\FCKeditor\editor\_source\internals\fcktools_ie.js --> www.hostingarcade.com /www/enthousiasme/FCKeditor/editor/_source/internals fcktools_ie.js
2005.12.02 18:21 B Z:\enthousiasme1\FCKeditor\editor\_source\internals\fckundo_gecko.js --> www.hostingarcade.com /www/enthousiasme/FCKeditor/editor/_source/internals fckundo_gecko.js
2005.12.02 18:21 B Z:\enthousiasme1\FCKeditor\editor\_source\internals\fckundo_ie.js --> www.hostingarcade.com /www/enthousiasme/FCKeditor/editor/_source/internals fckundo_ie.js
2005.12.02 18:21 B Z:\enthousiasme1\FCKeditor\editor\_source\internals\fckurlparams.js --> www.hostingarcade.com /www/enthousiasme/FCKeditor/editor/_source/internals fckurlparams.js
2005.12.02 18:21 B Z:\enthousiasme1\FCKeditor\editor\_source\internals\fckxhtml.js --> www.hostingarcade.com /www/enthousiasme/FCKeditor/editor/_source/internals fckxhtml.js
2005.12.02 18:21 B Z:\enthousiasme1\FCKeditor\editor\_source\internals\fckxhtml_gecko.js --> www.hostingarcade.com /www/enthousiasme/FCKeditor/editor/_source/internals fckxhtml_gecko.js
2005.12.02 18:21 B Z:\enthousiasme1\FCKeditor\editor\_source\internals\fckxhtml_ie.js --> www.hostingarcade.com /www/enthousiasme/FCKeditor/editor/_source/internals fckxhtml_ie.js
2005.12.02 18:21 B Z:\enthousiasme1\FCKeditor\editor\_source\internals\fckxhtmlentities.js --> www.hostingarcade.com /www/enthousiasme/FCKeditor/editor/_source/internals fckxhtmlentities.js
2005.12.02 18:21 B Z:\enthousiasme1\FCKeditor\editor\_source\internals\WS_FTP.LOG --> www.hostingarcade.com /www/enthousiasme/FCKeditor/editor/_source/internals WS_FTP.LOG
2005.12.02 18:47 B Z:\enthousiasme1\FCKeditor\editor\_source\internals\WS_FTP.LOG --> www.hostingarcade.com /www/enthousiasme/FCKeditor/editor/_source/internals WS_FTP.LOG
2005.12.02 19:03 B Z:\enthousiasme1\FCKeditor\editor\_source\internals\WS_FTP.LOG --> www.hostingarcade.com /www/enthousiasme/FCKeditor/editor/_source/internals WS_FTP.LOG
2005.12.02 19:31 B Z:\enthousiasme1\FCKeditor\editor\_source\internals\WS_FTP.LOG --> www.hostingarcade.com /www/enthousiasme/FCKeditor/editor/_source/internals WS_FTP.LOG
