2005.08.30 20:30 B Z:\test\it_company\fck_editor\editor\_source\classes\fckcontextmenugroup.js --> escapewebdesigns.com /yourownitcompany.com/fck_editor/editor/_source/classes fckcontextmenugroup.js
2005.08.30 20:30 B Z:\test\it_company\fck_editor\editor\_source\classes\fckcontextmenuitem.js --> escapewebdesigns.com /yourownitcompany.com/fck_editor/editor/_source/classes fckcontextmenuitem.js
2005.08.30 20:30 B Z:\test\it_company\fck_editor\editor\_source\classes\fckcontextmenuseparator.js --> escapewebdesigns.com /yourownitcompany.com/fck_editor/editor/_source/classes fckcontextmenuseparator.js
2005.08.30 20:31 B Z:\test\it_company\fck_editor\editor\_source\classes\fckevents.js --> escapewebdesigns.com /yourownitcompany.com/fck_editor/editor/_source/classes fckevents.js
2005.08.30 20:31 B Z:\test\it_company\fck_editor\editor\_source\classes\fckpanel_gecko.js --> escapewebdesigns.com /yourownitcompany.com/fck_editor/editor/_source/classes fckpanel_gecko.js
2005.08.30 20:31 B Z:\test\it_company\fck_editor\editor\_source\classes\fckpanel_ie.js --> escapewebdesigns.com /yourownitcompany.com/fck_editor/editor/_source/classes fckpanel_ie.js
2005.08.30 20:31 B Z:\test\it_company\fck_editor\editor\_source\classes\fckplugin.js --> escapewebdesigns.com /yourownitcompany.com/fck_editor/editor/_source/classes fckplugin.js
2005.08.30 20:31 B Z:\test\it_company\fck_editor\editor\_source\classes\fckspecialcombo.js --> escapewebdesigns.com /yourownitcompany.com/fck_editor/editor/_source/classes fckspecialcombo.js
2005.08.30 20:31 B Z:\test\it_company\fck_editor\editor\_source\classes\fckstyledef.js --> escapewebdesigns.com /yourownitcompany.com/fck_editor/editor/_source/classes fckstyledef.js
2005.08.30 20:31 B Z:\test\it_company\fck_editor\editor\_source\classes\fckstyledef_gecko.js --> escapewebdesigns.com /yourownitcompany.com/fck_editor/editor/_source/classes fckstyledef_gecko.js
2005.08.30 20:31 B Z:\test\it_company\fck_editor\editor\_source\classes\fckstyledef_ie.js --> escapewebdesigns.com /yourownitcompany.com/fck_editor/editor/_source/classes fckstyledef_ie.js
2005.08.30 20:31 B Z:\test\it_company\fck_editor\editor\_source\classes\fckstylesloader.js --> escapewebdesigns.com /yourownitcompany.com/fck_editor/editor/_source/classes fckstylesloader.js
2005.08.30 20:31 B Z:\test\it_company\fck_editor\editor\_source\classes\fcktoolbar.js --> escapewebdesigns.com /yourownitcompany.com/fck_editor/editor/_source/classes fcktoolbar.js
2005.08.30 20:31 B Z:\test\it_company\fck_editor\editor\_source\classes\fcktoolbarbreak_gecko.js --> escapewebdesigns.com /yourownitcompany.com/fck_editor/editor/_source/classes fcktoolbarbreak_gecko.js
2005.08.30 20:31 B Z:\test\it_company\fck_editor\editor\_source\classes\fcktoolbarbreak_ie.js --> escapewebdesigns.com /yourownitcompany.com/fck_editor/editor/_source/classes fcktoolbarbreak_ie.js
2005.08.30 20:31 B Z:\test\it_company\fck_editor\editor\_source\classes\fcktoolbarbutton.js --> escapewebdesigns.com /yourownitcompany.com/fck_editor/editor/_source/classes fcktoolbarbutton.js
2005.08.30 20:31 B Z:\test\it_company\fck_editor\editor\_source\classes\fcktoolbarfontformatcombo.js --> escapewebdesigns.com /yourownitcompany.com/fck_editor/editor/_source/classes fcktoolbarfontformatcombo.js
2005.08.30 20:31 B Z:\test\it_company\fck_editor\editor\_source\classes\fcktoolbarfontscombo.js --> escapewebdesigns.com /yourownitcompany.com/fck_editor/editor/_source/classes fcktoolbarfontscombo.js
2005.08.30 20:31 B Z:\test\it_company\fck_editor\editor\_source\classes\fcktoolbarfontsizecombo.js --> escapewebdesigns.com /yourownitcompany.com/fck_editor/editor/_source/classes fcktoolbarfontsizecombo.js
2005.08.30 20:31 B Z:\test\it_company\fck_editor\editor\_source\classes\fcktoolbarpanelbutton.js --> escapewebdesigns.com /yourownitcompany.com/fck_editor/editor/_source/classes fcktoolbarpanelbutton.js
2005.08.30 20:31 B Z:\test\it_company\fck_editor\editor\_source\classes\fcktoolbarspecialcombo.js --> escapewebdesigns.com /yourownitcompany.com/fck_editor/editor/_source/classes fcktoolbarspecialcombo.js
2005.08.30 20:31 B Z:\test\it_company\fck_editor\editor\_source\classes\fcktoolbarstylecombo.js --> escapewebdesigns.com /yourownitcompany.com/fck_editor/editor/_source/classes fcktoolbarstylecombo.js
2005.08.30 20:31 B Z:\test\it_company\fck_editor\editor\_source\classes\fckxml_gecko.js --> escapewebdesigns.com /yourownitcompany.com/fck_editor/editor/_source/classes fckxml_gecko.js
2005.08.30 20:31 B Z:\test\it_company\fck_editor\editor\_source\classes\fckxml_ie.js --> escapewebdesigns.com /yourownitcompany.com/fck_editor/editor/_source/classes fckxml_ie.js
2005.09.22 17:17 B Z:\qdaily\FCKeditor\editor\_source\classes\fckcontextmenugroup.js --> www.escapecustomercentre.com /escapecustomercentre.com/qdaily/FCKeditor/editor/_source/classes fckcontextmenugroup.js
2005.09.22 17:18 B Z:\qdaily\FCKeditor\editor\_source\classes\fckcontextmenuitem.js --> www.escapecustomercentre.com /escapecustomercentre.com/qdaily/FCKeditor/editor/_source/classes fckcontextmenuitem.js
2005.09.22 17:18 B Z:\qdaily\FCKeditor\editor\_source\classes\fckcontextmenuseparator.js --> www.escapecustomercentre.com /escapecustomercentre.com/qdaily/FCKeditor/editor/_source/classes fckcontextmenuseparator.js
2005.09.22 17:18 B Z:\qdaily\FCKeditor\editor\_source\classes\fckevents.js --> www.escapecustomercentre.com /escapecustomercentre.com/qdaily/FCKeditor/editor/_source/classes fckevents.js
2005.09.22 17:18 B Z:\qdaily\FCKeditor\editor\_source\classes\fckpanel_gecko.js --> www.escapecustomercentre.com /escapecustomercentre.com/qdaily/FCKeditor/editor/_source/classes fckpanel_gecko.js
2005.09.22 17:18 B Z:\qdaily\FCKeditor\editor\_source\classes\fckpanel_ie.js --> www.escapecustomercentre.com /escapecustomercentre.com/qdaily/FCKeditor/editor/_source/classes fckpanel_ie.js
2005.09.22 17:18 B Z:\qdaily\FCKeditor\editor\_source\classes\fckplugin.js --> www.escapecustomercentre.com /escapecustomercentre.com/qdaily/FCKeditor/editor/_source/classes fckplugin.js
2005.09.22 17:18 B Z:\qdaily\FCKeditor\editor\_source\classes\fckspecialcombo.js --> www.escapecustomercentre.com /escapecustomercentre.com/qdaily/FCKeditor/editor/_source/classes fckspecialcombo.js
2005.09.22 17:18 B Z:\qdaily\FCKeditor\editor\_source\classes\fckstyledef.js --> www.escapecustomercentre.com /escapecustomercentre.com/qdaily/FCKeditor/editor/_source/classes fckstyledef.js
2005.09.22 17:18 B Z:\qdaily\FCKeditor\editor\_source\classes\fckstyledef_gecko.js --> www.escapecustomercentre.com /escapecustomercentre.com/qdaily/FCKeditor/editor/_source/classes fckstyledef_gecko.js
2005.09.22 17:18 B Z:\qdaily\FCKeditor\editor\_source\classes\fckstyledef_ie.js --> www.escapecustomercentre.com /escapecustomercentre.com/qdaily/FCKeditor/editor/_source/classes fckstyledef_ie.js
2005.09.22 17:18 B Z:\qdaily\FCKeditor\editor\_source\classes\fckstylesloader.js --> www.escapecustomercentre.com /escapecustomercentre.com/qdaily/FCKeditor/editor/_source/classes fckstylesloader.js
2005.09.22 17:18 B Z:\qdaily\FCKeditor\editor\_source\classes\fcktoolbar.js --> www.escapecustomercentre.com /escapecustomercentre.com/qdaily/FCKeditor/editor/_source/classes fcktoolbar.js
2005.09.22 17:18 B Z:\qdaily\FCKeditor\editor\_source\classes\fcktoolbarbreak_gecko.js --> www.escapecustomercentre.com /escapecustomercentre.com/qdaily/FCKeditor/editor/_source/classes fcktoolbarbreak_gecko.js
2005.09.22 17:18 B Z:\qdaily\FCKeditor\editor\_source\classes\fcktoolbarbreak_ie.js --> www.escapecustomercentre.com /escapecustomercentre.com/qdaily/FCKeditor/editor/_source/classes fcktoolbarbreak_ie.js
2005.09.22 17:18 B Z:\qdaily\FCKeditor\editor\_source\classes\fcktoolbarbutton.js --> www.escapecustomercentre.com /escapecustomercentre.com/qdaily/FCKeditor/editor/_source/classes fcktoolbarbutton.js
2005.09.22 17:18 B Z:\qdaily\FCKeditor\editor\_source\classes\fcktoolbarfontformatcombo.js --> www.escapecustomercentre.com /escapecustomercentre.com/qdaily/FCKeditor/editor/_source/classes fcktoolbarfontformatcombo.js
2005.09.22 17:18 B Z:\qdaily\FCKeditor\editor\_source\classes\fcktoolbarfontscombo.js --> www.escapecustomercentre.com /escapecustomercentre.com/qdaily/FCKeditor/editor/_source/classes fcktoolbarfontscombo.js
2005.09.22 17:18 B Z:\qdaily\FCKeditor\editor\_source\classes\fcktoolbarfontsizecombo.js --> www.escapecustomercentre.com /escapecustomercentre.com/qdaily/FCKeditor/editor/_source/classes fcktoolbarfontsizecombo.js
2005.09.22 17:18 B Z:\qdaily\FCKeditor\editor\_source\classes\fcktoolbarpanelbutton.js --> www.escapecustomercentre.com /escapecustomercentre.com/qdaily/FCKeditor/editor/_source/classes fcktoolbarpanelbutton.js
2005.09.22 17:18 B Z:\qdaily\FCKeditor\editor\_source\classes\fcktoolbarspecialcombo.js --> www.escapecustomercentre.com /escapecustomercentre.com/qdaily/FCKeditor/editor/_source/classes fcktoolbarspecialcombo.js
2005.09.22 17:18 B Z:\qdaily\FCKeditor\editor\_source\classes\fcktoolbarstylecombo.js --> www.escapecustomercentre.com /escapecustomercentre.com/qdaily/FCKeditor/editor/_source/classes fcktoolbarstylecombo.js
2005.09.22 17:18 B Z:\qdaily\FCKeditor\editor\_source\classes\fckxml_gecko.js --> www.escapecustomercentre.com /escapecustomercentre.com/qdaily/FCKeditor/editor/_source/classes fckxml_gecko.js
2005.09.22 17:18 B Z:\qdaily\FCKeditor\editor\_source\classes\fckxml_ie.js --> www.escapecustomercentre.com /escapecustomercentre.com/qdaily/FCKeditor/editor/_source/classes fckxml_ie.js
2005.09.22 17:18 B Z:\qdaily\FCKeditor\editor\_source\classes\WS_FTP.LOG --> www.escapecustomercentre.com /escapecustomercentre.com/qdaily/FCKeditor/editor/_source/classes WS_FTP.LOG
2005.10.21 13:51 B Z:\groombarber\FCKeditor\editor\_source\classes\fckcontextmenugroup.js --> ftp.groombarbers.com /groombarbers.com/FCKeditor/editor/_source/classes fckcontextmenugroup.js
2005.10.21 13:51 B Z:\groombarber\FCKeditor\editor\_source\classes\fckcontextmenuitem.js --> ftp.groombarbers.com /groombarbers.com/FCKeditor/editor/_source/classes fckcontextmenuitem.js
2005.10.21 13:51 B Z:\groombarber\FCKeditor\editor\_source\classes\fckcontextmenuseparator.js --> ftp.groombarbers.com /groombarbers.com/FCKeditor/editor/_source/classes fckcontextmenuseparator.js
2005.10.21 13:51 B Z:\groombarber\FCKeditor\editor\_source\classes\fckevents.js --> ftp.groombarbers.com /groombarbers.com/FCKeditor/editor/_source/classes fckevents.js
2005.10.21 13:51 B Z:\groombarber\FCKeditor\editor\_source\classes\fckpanel_gecko.js --> ftp.groombarbers.com /groombarbers.com/FCKeditor/editor/_source/classes fckpanel_gecko.js
2005.10.21 13:51 B Z:\groombarber\FCKeditor\editor\_source\classes\fckpanel_ie.js --> ftp.groombarbers.com /groombarbers.com/FCKeditor/editor/_source/classes fckpanel_ie.js
2005.10.21 13:51 B Z:\groombarber\FCKeditor\editor\_source\classes\fckplugin.js --> ftp.groombarbers.com /groombarbers.com/FCKeditor/editor/_source/classes fckplugin.js
2005.10.21 13:51 B Z:\groombarber\FCKeditor\editor\_source\classes\fckspecialcombo.js --> ftp.groombarbers.com /groombarbers.com/FCKeditor/editor/_source/classes fckspecialcombo.js
2005.10.21 13:52 B Z:\groombarber\FCKeditor\editor\_source\classes\fckstyledef.js --> ftp.groombarbers.com /groombarbers.com/FCKeditor/editor/_source/classes fckstyledef.js
2005.10.21 13:52 B Z:\groombarber\FCKeditor\editor\_source\classes\fckstyledef_gecko.js --> ftp.groombarbers.com /groombarbers.com/FCKeditor/editor/_source/classes fckstyledef_gecko.js
2005.10.21 13:52 B Z:\groombarber\FCKeditor\editor\_source\classes\fckstyledef_ie.js --> ftp.groombarbers.com /groombarbers.com/FCKeditor/editor/_source/classes fckstyledef_ie.js
2005.10.21 13:52 B Z:\groombarber\FCKeditor\editor\_source\classes\fckstylesloader.js --> ftp.groombarbers.com /groombarbers.com/FCKeditor/editor/_source/classes fckstylesloader.js
2005.10.21 13:52 B Z:\groombarber\FCKeditor\editor\_source\classes\fcktoolbar.js --> ftp.groombarbers.com /groombarbers.com/FCKeditor/editor/_source/classes fcktoolbar.js
2005.10.21 13:52 B Z:\groombarber\FCKeditor\editor\_source\classes\fcktoolbarbreak_gecko.js --> ftp.groombarbers.com /groombarbers.com/FCKeditor/editor/_source/classes fcktoolbarbreak_gecko.js
2005.10.21 13:52 B Z:\groombarber\FCKeditor\editor\_source\classes\fcktoolbarbreak_ie.js --> ftp.groombarbers.com /groombarbers.com/FCKeditor/editor/_source/classes fcktoolbarbreak_ie.js
2005.10.21 13:52 B Z:\groombarber\FCKeditor\editor\_source\classes\fcktoolbarbutton.js --> ftp.groombarbers.com /groombarbers.com/FCKeditor/editor/_source/classes fcktoolbarbutton.js
2005.10.21 13:52 B Z:\groombarber\FCKeditor\editor\_source\classes\fcktoolbarfontformatcombo.js --> ftp.groombarbers.com /groombarbers.com/FCKeditor/editor/_source/classes fcktoolbarfontformatcombo.js
2005.10.21 13:52 B Z:\groombarber\FCKeditor\editor\_source\classes\fcktoolbarfontscombo.js --> ftp.groombarbers.com /groombarbers.com/FCKeditor/editor/_source/classes fcktoolbarfontscombo.js
2005.10.21 13:52 B Z:\groombarber\FCKeditor\editor\_source\classes\fcktoolbarfontsizecombo.js --> ftp.groombarbers.com /groombarbers.com/FCKeditor/editor/_source/classes fcktoolbarfontsizecombo.js
2005.10.21 13:52 B Z:\groombarber\FCKeditor\editor\_source\classes\fcktoolbarpanelbutton.js --> ftp.groombarbers.com /groombarbers.com/FCKeditor/editor/_source/classes fcktoolbarpanelbutton.js
2005.10.21 13:52 B Z:\groombarber\FCKeditor\editor\_source\classes\fcktoolbarspecialcombo.js --> ftp.groombarbers.com /groombarbers.com/FCKeditor/editor/_source/classes fcktoolbarspecialcombo.js
2005.10.21 13:52 B Z:\groombarber\FCKeditor\editor\_source\classes\fcktoolbarstylecombo.js --> ftp.groombarbers.com /groombarbers.com/FCKeditor/editor/_source/classes fcktoolbarstylecombo.js
2005.10.21 13:52 B Z:\groombarber\FCKeditor\editor\_source\classes\fckxml_gecko.js --> ftp.groombarbers.com /groombarbers.com/FCKeditor/editor/_source/classes fckxml_gecko.js
2005.10.21 13:52 B Z:\groombarber\FCKeditor\editor\_source\classes\fckxml_ie.js --> ftp.groombarbers.com /groombarbers.com/FCKeditor/editor/_source/classes fckxml_ie.js
2005.10.21 13:52 B Z:\groombarber\FCKeditor\editor\_source\classes\WS_FTP.LOG --> ftp.groombarbers.com /groombarbers.com/FCKeditor/editor/_source/classes WS_FTP.LOG
2005.12.02 18:18 B Z:\enthousiasme1\FCKeditor\editor\_source\classes\fckcontextmenugroup.js --> www.hostingarcade.com /www/enthousiasme/FCKeditor/editor/_source/classes fckcontextmenugroup.js
2005.12.02 18:18 B Z:\enthousiasme1\FCKeditor\editor\_source\classes\fckcontextmenuitem.js --> www.hostingarcade.com /www/enthousiasme/FCKeditor/editor/_source/classes fckcontextmenuitem.js
2005.12.02 18:18 B Z:\enthousiasme1\FCKeditor\editor\_source\classes\fckcontextmenuseparator.js --> www.hostingarcade.com /www/enthousiasme/FCKeditor/editor/_source/classes fckcontextmenuseparator.js
2005.12.02 18:18 B Z:\enthousiasme1\FCKeditor\editor\_source\classes\fckevents.js --> www.hostingarcade.com /www/enthousiasme/FCKeditor/editor/_source/classes fckevents.js
2005.12.02 18:18 B Z:\enthousiasme1\FCKeditor\editor\_source\classes\fckpanel_gecko.js --> www.hostingarcade.com /www/enthousiasme/FCKeditor/editor/_source/classes fckpanel_gecko.js
2005.12.02 18:18 B Z:\enthousiasme1\FCKeditor\editor\_source\classes\fckpanel_ie.js --> www.hostingarcade.com /www/enthousiasme/FCKeditor/editor/_source/classes fckpanel_ie.js
2005.12.02 18:18 B Z:\enthousiasme1\FCKeditor\editor\_source\classes\fckplugin.js --> www.hostingarcade.com /www/enthousiasme/FCKeditor/editor/_source/classes fckplugin.js
2005.12.02 18:18 B Z:\enthousiasme1\FCKeditor\editor\_source\classes\fckspecialcombo.js --> www.hostingarcade.com /www/enthousiasme/FCKeditor/editor/_source/classes fckspecialcombo.js
2005.12.02 18:18 B Z:\enthousiasme1\FCKeditor\editor\_source\classes\fckstyledef.js --> www.hostingarcade.com /www/enthousiasme/FCKeditor/editor/_source/classes fckstyledef.js
2005.12.02 18:18 B Z:\enthousiasme1\FCKeditor\editor\_source\classes\fckstyledef_gecko.js --> www.hostingarcade.com /www/enthousiasme/FCKeditor/editor/_source/classes fckstyledef_gecko.js
2005.12.02 18:18 B Z:\enthousiasme1\FCKeditor\editor\_source\classes\fckstyledef_ie.js --> www.hostingarcade.com /www/enthousiasme/FCKeditor/editor/_source/classes fckstyledef_ie.js
2005.12.02 18:19 B Z:\enthousiasme1\FCKeditor\editor\_source\classes\fckstylesloader.js --> www.hostingarcade.com /www/enthousiasme/FCKeditor/editor/_source/classes fckstylesloader.js
2005.12.02 18:19 B Z:\enthousiasme1\FCKeditor\editor\_source\classes\fcktoolbar.js --> www.hostingarcade.com /www/enthousiasme/FCKeditor/editor/_source/classes fcktoolbar.js
2005.12.02 18:19 B Z:\enthousiasme1\FCKeditor\editor\_source\classes\fcktoolbarbreak_gecko.js --> www.hostingarcade.com /www/enthousiasme/FCKeditor/editor/_source/classes fcktoolbarbreak_gecko.js
2005.12.02 18:19 B Z:\enthousiasme1\FCKeditor\editor\_source\classes\fcktoolbarbreak_ie.js --> www.hostingarcade.com /www/enthousiasme/FCKeditor/editor/_source/classes fcktoolbarbreak_ie.js
2005.12.02 18:19 B Z:\enthousiasme1\FCKeditor\editor\_source\classes\fcktoolbarbutton.js --> www.hostingarcade.com /www/enthousiasme/FCKeditor/editor/_source/classes fcktoolbarbutton.js
2005.12.02 18:19 B Z:\enthousiasme1\FCKeditor\editor\_source\classes\fcktoolbarfontformatcombo.js --> www.hostingarcade.com /www/enthousiasme/FCKeditor/editor/_source/classes fcktoolbarfontformatcombo.js
2005.12.02 18:19 B Z:\enthousiasme1\FCKeditor\editor\_source\classes\fcktoolbarfontscombo.js --> www.hostingarcade.com /www/enthousiasme/FCKeditor/editor/_source/classes fcktoolbarfontscombo.js
2005.12.02 18:19 B Z:\enthousiasme1\FCKeditor\editor\_source\classes\fcktoolbarfontsizecombo.js --> www.hostingarcade.com /www/enthousiasme/FCKeditor/editor/_source/classes fcktoolbarfontsizecombo.js
2005.12.02 18:19 B Z:\enthousiasme1\FCKeditor\editor\_source\classes\fcktoolbarpanelbutton.js --> www.hostingarcade.com /www/enthousiasme/FCKeditor/editor/_source/classes fcktoolbarpanelbutton.js
2005.12.02 18:19 B Z:\enthousiasme1\FCKeditor\editor\_source\classes\fcktoolbarspecialcombo.js --> www.hostingarcade.com /www/enthousiasme/FCKeditor/editor/_source/classes fcktoolbarspecialcombo.js
2005.12.02 18:19 B Z:\enthousiasme1\FCKeditor\editor\_source\classes\fcktoolbarstylecombo.js --> www.hostingarcade.com /www/enthousiasme/FCKeditor/editor/_source/classes fcktoolbarstylecombo.js
2005.12.02 18:19 B Z:\enthousiasme1\FCKeditor\editor\_source\classes\fckxml_gecko.js --> www.hostingarcade.com /www/enthousiasme/FCKeditor/editor/_source/classes fckxml_gecko.js
2005.12.02 18:19 B Z:\enthousiasme1\FCKeditor\editor\_source\classes\fckxml_ie.js --> www.hostingarcade.com /www/enthousiasme/FCKeditor/editor/_source/classes fckxml_ie.js
2005.12.02 18:19 B Z:\enthousiasme1\FCKeditor\editor\_source\classes\WS_FTP.LOG --> www.hostingarcade.com /www/enthousiasme/FCKeditor/editor/_source/classes WS_FTP.LOG
2005.12.02 18:46 B Z:\enthousiasme1\FCKeditor\editor\_source\classes\WS_FTP.LOG --> www.hostingarcade.com /www/enthousiasme/FCKeditor/editor/_source/classes WS_FTP.LOG
2005.12.02 19:02 B Z:\enthousiasme1\FCKeditor\editor\_source\classes\WS_FTP.LOG --> www.hostingarcade.com /www/enthousiasme/FCKeditor/editor/_source/classes WS_FTP.LOG
2005.12.02 19:31 B Z:\enthousiasme1\FCKeditor\editor\_source\classes\WS_FTP.LOG --> www.hostingarcade.com /www/enthousiasme/FCKeditor/editor/_source/classes WS_FTP.LOG
