2005.08.30 20:32 B Z:\test\it_company\fck_editor\editor\_source\commandclasses\fck_othercommands.js --> escapewebdesigns.com /yourownitcompany.com/fck_editor/editor/_source/commandclasses fck_othercommands.js
2005.08.30 20:32 B Z:\test\it_company\fck_editor\editor\_source\commandclasses\fcknamedcommand.js --> escapewebdesigns.com /yourownitcompany.com/fck_editor/editor/_source/commandclasses fcknamedcommand.js
2005.08.30 20:32 B Z:\test\it_company\fck_editor\editor\_source\commandclasses\fckpasteplaintextcommand.js --> escapewebdesigns.com /yourownitcompany.com/fck_editor/editor/_source/commandclasses fckpasteplaintextcommand.js
2005.08.30 20:32 B Z:\test\it_company\fck_editor\editor\_source\commandclasses\fckpastewordcommand.js --> escapewebdesigns.com /yourownitcompany.com/fck_editor/editor/_source/commandclasses fckpastewordcommand.js
2005.08.30 20:32 B Z:\test\it_company\fck_editor\editor\_source\commandclasses\fckspellcheckcommand_gecko.js --> escapewebdesigns.com /yourownitcompany.com/fck_editor/editor/_source/commandclasses fckspellcheckcommand_gecko.js
2005.08.30 20:32 B Z:\test\it_company\fck_editor\editor\_source\commandclasses\fckspellcheckcommand_ie.js --> escapewebdesigns.com /yourownitcompany.com/fck_editor/editor/_source/commandclasses fckspellcheckcommand_ie.js
2005.08.30 20:32 B Z:\test\it_company\fck_editor\editor\_source\commandclasses\fckstylecommand.js --> escapewebdesigns.com /yourownitcompany.com/fck_editor/editor/_source/commandclasses fckstylecommand.js
2005.08.30 20:32 B Z:\test\it_company\fck_editor\editor\_source\commandclasses\fcktablecommand.js --> escapewebdesigns.com /yourownitcompany.com/fck_editor/editor/_source/commandclasses fcktablecommand.js
2005.08.30 20:32 B Z:\test\it_company\fck_editor\editor\_source\commandclasses\fcktextcolorcommand.js --> escapewebdesigns.com /yourownitcompany.com/fck_editor/editor/_source/commandclasses fcktextcolorcommand.js
2005.09.22 17:19 B Z:\qdaily\FCKeditor\editor\_source\commandclasses\fck_othercommands.js --> www.escapecustomercentre.com /escapecustomercentre.com/qdaily/FCKeditor/editor/_source/commandclasses fck_othercommands.js
2005.09.22 17:19 B Z:\qdaily\FCKeditor\editor\_source\commandclasses\fcknamedcommand.js --> www.escapecustomercentre.com /escapecustomercentre.com/qdaily/FCKeditor/editor/_source/commandclasses fcknamedcommand.js
2005.09.22 17:19 B Z:\qdaily\FCKeditor\editor\_source\commandclasses\fckpasteplaintextcommand.js --> www.escapecustomercentre.com /escapecustomercentre.com/qdaily/FCKeditor/editor/_source/commandclasses fckpasteplaintextcommand.js
2005.09.22 17:19 B Z:\qdaily\FCKeditor\editor\_source\commandclasses\fckpastewordcommand.js --> www.escapecustomercentre.com /escapecustomercentre.com/qdaily/FCKeditor/editor/_source/commandclasses fckpastewordcommand.js
2005.09.22 17:19 B Z:\qdaily\FCKeditor\editor\_source\commandclasses\fckspellcheckcommand_gecko.js --> www.escapecustomercentre.com /escapecustomercentre.com/qdaily/FCKeditor/editor/_source/commandclasses fckspellcheckcommand_gecko.js
2005.09.22 17:19 B Z:\qdaily\FCKeditor\editor\_source\commandclasses\fckspellcheckcommand_ie.js --> www.escapecustomercentre.com /escapecustomercentre.com/qdaily/FCKeditor/editor/_source/commandclasses fckspellcheckcommand_ie.js
2005.09.22 17:19 B Z:\qdaily\FCKeditor\editor\_source\commandclasses\fckstylecommand.js --> www.escapecustomercentre.com /escapecustomercentre.com/qdaily/FCKeditor/editor/_source/commandclasses fckstylecommand.js
2005.09.22 17:19 B Z:\qdaily\FCKeditor\editor\_source\commandclasses\fcktablecommand.js --> www.escapecustomercentre.com /escapecustomercentre.com/qdaily/FCKeditor/editor/_source/commandclasses fcktablecommand.js
2005.09.22 17:19 B Z:\qdaily\FCKeditor\editor\_source\commandclasses\fcktextcolorcommand.js --> www.escapecustomercentre.com /escapecustomercentre.com/qdaily/FCKeditor/editor/_source/commandclasses fcktextcolorcommand.js
2005.09.22 17:19 B Z:\qdaily\FCKeditor\editor\_source\commandclasses\WS_FTP.LOG --> www.escapecustomercentre.com /escapecustomercentre.com/qdaily/FCKeditor/editor/_source/commandclasses WS_FTP.LOG
2005.10.21 13:53 B Z:\groombarber\FCKeditor\editor\_source\commandclasses\fck_othercommands.js --> ftp.groombarbers.com /groombarbers.com/FCKeditor/editor/_source/commandclasses fck_othercommands.js
2005.10.21 13:53 B Z:\groombarber\FCKeditor\editor\_source\commandclasses\fcknamedcommand.js --> ftp.groombarbers.com /groombarbers.com/FCKeditor/editor/_source/commandclasses fcknamedcommand.js
2005.10.21 13:53 B Z:\groombarber\FCKeditor\editor\_source\commandclasses\fckpasteplaintextcommand.js --> ftp.groombarbers.com /groombarbers.com/FCKeditor/editor/_source/commandclasses fckpasteplaintextcommand.js
2005.10.21 13:53 B Z:\groombarber\FCKeditor\editor\_source\commandclasses\fckpastewordcommand.js --> ftp.groombarbers.com /groombarbers.com/FCKeditor/editor/_source/commandclasses fckpastewordcommand.js
2005.10.21 13:53 B Z:\groombarber\FCKeditor\editor\_source\commandclasses\fckspellcheckcommand_gecko.js --> ftp.groombarbers.com /groombarbers.com/FCKeditor/editor/_source/commandclasses fckspellcheckcommand_gecko.js
2005.10.21 13:53 B Z:\groombarber\FCKeditor\editor\_source\commandclasses\fckspellcheckcommand_ie.js --> ftp.groombarbers.com /groombarbers.com/FCKeditor/editor/_source/commandclasses fckspellcheckcommand_ie.js
2005.10.21 13:53 B Z:\groombarber\FCKeditor\editor\_source\commandclasses\fckstylecommand.js --> ftp.groombarbers.com /groombarbers.com/FCKeditor/editor/_source/commandclasses fckstylecommand.js
2005.10.21 13:53 B Z:\groombarber\FCKeditor\editor\_source\commandclasses\fcktablecommand.js --> ftp.groombarbers.com /groombarbers.com/FCKeditor/editor/_source/commandclasses fcktablecommand.js
2005.10.21 13:53 B Z:\groombarber\FCKeditor\editor\_source\commandclasses\fcktextcolorcommand.js --> ftp.groombarbers.com /groombarbers.com/FCKeditor/editor/_source/commandclasses fcktextcolorcommand.js
2005.10.21 13:53 B Z:\groombarber\FCKeditor\editor\_source\commandclasses\WS_FTP.LOG --> ftp.groombarbers.com /groombarbers.com/FCKeditor/editor/_source/commandclasses WS_FTP.LOG
2005.12.02 18:19 B Z:\enthousiasme1\FCKeditor\editor\_source\commandclasses\fck_othercommands.js --> www.hostingarcade.com /www/enthousiasme/FCKeditor/editor/_source/commandclasses fck_othercommands.js
2005.12.02 18:19 B Z:\enthousiasme1\FCKeditor\editor\_source\commandclasses\fcknamedcommand.js --> www.hostingarcade.com /www/enthousiasme/FCKeditor/editor/_source/commandclasses fcknamedcommand.js
2005.12.02 18:19 B Z:\enthousiasme1\FCKeditor\editor\_source\commandclasses\fckpasteplaintextcommand.js --> www.hostingarcade.com /www/enthousiasme/FCKeditor/editor/_source/commandclasses fckpasteplaintextcommand.js
2005.12.02 18:19 B Z:\enthousiasme1\FCKeditor\editor\_source\commandclasses\fckpastewordcommand.js --> www.hostingarcade.com /www/enthousiasme/FCKeditor/editor/_source/commandclasses fckpastewordcommand.js
2005.12.02 18:19 B Z:\enthousiasme1\FCKeditor\editor\_source\commandclasses\fckspellcheckcommand_gecko.js --> www.hostingarcade.com /www/enthousiasme/FCKeditor/editor/_source/commandclasses fckspellcheckcommand_gecko.js
2005.12.02 18:19 B Z:\enthousiasme1\FCKeditor\editor\_source\commandclasses\fckspellcheckcommand_ie.js --> www.hostingarcade.com /www/enthousiasme/FCKeditor/editor/_source/commandclasses fckspellcheckcommand_ie.js
2005.12.02 18:19 B Z:\enthousiasme1\FCKeditor\editor\_source\commandclasses\fckstylecommand.js --> www.hostingarcade.com /www/enthousiasme/FCKeditor/editor/_source/commandclasses fckstylecommand.js
2005.12.02 18:19 B Z:\enthousiasme1\FCKeditor\editor\_source\commandclasses\fcktablecommand.js --> www.hostingarcade.com /www/enthousiasme/FCKeditor/editor/_source/commandclasses fcktablecommand.js
2005.12.02 18:19 B Z:\enthousiasme1\FCKeditor\editor\_source\commandclasses\fcktextcolorcommand.js --> www.hostingarcade.com /www/enthousiasme/FCKeditor/editor/_source/commandclasses fcktextcolorcommand.js
2005.12.02 18:19 B Z:\enthousiasme1\FCKeditor\editor\_source\commandclasses\WS_FTP.LOG --> www.hostingarcade.com /www/enthousiasme/FCKeditor/editor/_source/commandclasses WS_FTP.LOG
2005.12.02 18:46 B Z:\enthousiasme1\FCKeditor\editor\_source\commandclasses\WS_FTP.LOG --> www.hostingarcade.com /www/enthousiasme/FCKeditor/editor/_source/commandclasses WS_FTP.LOG
2005.12.02 19:03 B Z:\enthousiasme1\FCKeditor\editor\_source\commandclasses\WS_FTP.LOG --> www.hostingarcade.com /www/enthousiasme/FCKeditor/editor/_source/commandclasses WS_FTP.LOG
2005.12.02 19:31 B Z:\enthousiasme1\FCKeditor\editor\_source\commandclasses\WS_FTP.LOG --> www.hostingarcade.com /www/enthousiasme/FCKeditor/editor/_source/commandclasses WS_FTP.LOG
